  main.cpp
  HuffTrees.cpp
c:\users\dustin\documents\school\fall 2017 classes\data structures\huffman_trees(1)\huffman_trees\hufftrees.cpp(10): error C2955: 'Huff_Data': use of class template requires template argument list
  c:\users\dustin\documents\school\fall 2017 classes\data structures\huffman_trees(1)\huffman_trees\huffman_tree.h(12): note: see declaration of 'Huff_Data'
c:\users\dustin\documents\school\fall 2017 classes\data structures\huffman_trees(1)\huffman_trees\hufftrees.cpp(10): error C2514: 'Huff_Data': class has no constructors
  c:\users\dustin\documents\school\fall 2017 classes\data structures\huffman_trees(1)\huffman_trees\huffman_tree.h(12): note: see declaration of 'Huff_Data'
c:\users\dustin\documents\school\fall 2017 classes\data structures\huffman_trees(1)\huffman_trees\hufftrees.cpp(11): error C2514: 'Huff_Data': class has no constructors
  c:\users\dustin\documents\school\fall 2017 classes\data structures\huffman_trees(1)\huffman_trees\huffman_tree.h(12): note: see declaration of 'Huff_Data'
c:\users\dustin\documents\school\fall 2017 classes\data structures\huffman_trees(1)\huffman_trees\hufftrees.cpp(12): error C2514: 'Huff_Data': class has no constructors
  c:\users\dustin\documents\school\fall 2017 classes\data structures\huffman_trees(1)\huffman_trees\huffman_tree.h(12): note: see declaration of 'Huff_Data'
c:\users\dustin\documents\school\fall 2017 classes\data structures\huffman_trees(1)\huffman_trees\hufftrees.cpp(13): error C2514: 'Huff_Data': class has no constructors
  c:\users\dustin\documents\school\fall 2017 classes\data structures\huffman_trees(1)\huffman_trees\huffman_tree.h(12): note: see declaration of 'Huff_Data'
c:\users\dustin\documents\school\fall 2017 classes\data structures\huffman_trees(1)\huffman_trees\hufftrees.cpp(14): error C2514: 'Huff_Data': class has no constructors
  c:\users\dustin\documents\school\fall 2017 classes\data structures\huffman_trees(1)\huffman_trees\huffman_tree.h(12): note: see declaration of 'Huff_Data'
c:\users\dustin\documents\school\fall 2017 classes\data structures\huffman_trees(1)\huffman_trees\hufftrees.cpp(15): error C2514: 'Huff_Data': class has no constructors
  c:\users\dustin\documents\school\fall 2017 classes\data structures\huffman_trees(1)\huffman_trees\huffman_tree.h(12): note: see declaration of 'Huff_Data'
c:\users\dustin\documents\school\fall 2017 classes\data structures\huffman_trees(1)\huffman_trees\hufftrees.cpp(16): error C2514: 'Huff_Data': class has no constructors
  c:\users\dustin\documents\school\fall 2017 classes\data structures\huffman_trees(1)\huffman_trees\huffman_tree.h(12): note: see declaration of 'Huff_Data'
c:\users\dustin\documents\school\fall 2017 classes\data structures\huffman_trees(1)\huffman_trees\hufftrees.cpp(17): error C2514: 'Huff_Data': class has no constructors
  c:\users\dustin\documents\school\fall 2017 classes\data structures\huffman_trees(1)\huffman_trees\huffman_tree.h(12): note: see declaration of 'Huff_Data'
c:\users\dustin\documents\school\fall 2017 classes\data structures\huffman_trees(1)\huffman_trees\hufftrees.cpp(18): error C2514: 'Huff_Data': class has no constructors
  c:\users\dustin\documents\school\fall 2017 classes\data structures\huffman_trees(1)\huffman_trees\huffman_tree.h(12): note: see declaration of 'Huff_Data'
c:\users\dustin\documents\school\fall 2017 classes\data structures\huffman_trees(1)\huffman_trees\hufftrees.cpp(19): error C2514: 'Huff_Data': class has no constructors
  c:\users\dustin\documents\school\fall 2017 classes\data structures\huffman_trees(1)\huffman_trees\huffman_tree.h(12): note: see declaration of 'Huff_Data'
c:\users\dustin\documents\school\fall 2017 classes\data structures\huffman_trees(1)\huffman_trees\hufftrees.cpp(20): error C2514: 'Huff_Data': class has no constructors
  c:\users\dustin\documents\school\fall 2017 classes\data structures\huffman_trees(1)\huffman_trees\huffman_tree.h(12): note: see declaration of 'Huff_Data'
c:\users\dustin\documents\school\fall 2017 classes\data structures\huffman_trees(1)\huffman_trees\hufftrees.cpp(21): error C2514: 'Huff_Data': class has no constructors
  c:\users\dustin\documents\school\fall 2017 classes\data structures\huffman_trees(1)\huffman_trees\huffman_tree.h(12): note: see declaration of 'Huff_Data'
c:\users\dustin\documents\school\fall 2017 classes\data structures\huffman_trees(1)\huffman_trees\hufftrees.cpp(22): error C2514: 'Huff_Data': class has no constructors
  c:\users\dustin\documents\school\fall 2017 classes\data structures\huffman_trees(1)\huffman_trees\huffman_tree.h(12): note: see declaration of 'Huff_Data'
c:\users\dustin\documents\school\fall 2017 classes\data structures\huffman_trees(1)\huffman_trees\hufftrees.cpp(23): error C2514: 'Huff_Data': class has no constructors
  c:\users\dustin\documents\school\fall 2017 classes\data structures\huffman_trees(1)\huffman_trees\huffman_tree.h(12): note: see declaration of 'Huff_Data'
c:\users\dustin\documents\school\fall 2017 classes\data structures\huffman_trees(1)\huffman_trees\hufftrees.cpp(24): error C2514: 'Huff_Data': class has no constructors
  c:\users\dustin\documents\school\fall 2017 classes\data structures\huffman_trees(1)\huffman_trees\huffman_tree.h(12): note: see declaration of 'Huff_Data'
c:\users\dustin\documents\school\fall 2017 classes\data structures\huffman_trees(1)\huffman_trees\hufftrees.cpp(25): error C2514: 'Huff_Data': class has no constructors
  c:\users\dustin\documents\school\fall 2017 classes\data structures\huffman_trees(1)\huffman_trees\huffman_tree.h(12): note: see declaration of 'Huff_Data'
c:\users\dustin\documents\school\fall 2017 classes\data structures\huffman_trees(1)\huffman_trees\hufftrees.cpp(26): error C2514: 'Huff_Data': class has no constructors
  c:\users\dustin\documents\school\fall 2017 classes\data structures\huffman_trees(1)\huffman_trees\huffman_tree.h(12): note: see declaration of 'Huff_Data'
c:\users\dustin\documents\school\fall 2017 classes\data structures\huffman_trees(1)\huffman_trees\hufftrees.cpp(27): error C2514: 'Huff_Data': class has no constructors
  c:\users\dustin\documents\school\fall 2017 classes\data structures\huffman_trees(1)\huffman_trees\huffman_tree.h(12): note: see declaration of 'Huff_Data'
c:\users\dustin\documents\school\fall 2017 classes\data structures\huffman_trees(1)\huffman_trees\hufftrees.cpp(28): error C2514: 'Huff_Data': class has no constructors
  c:\users\dustin\documents\school\fall 2017 classes\data structures\huffman_trees(1)\huffman_trees\huffman_tree.h(12): note: see declaration of 'Huff_Data'
c:\users\dustin\documents\school\fall 2017 classes\data structures\huffman_trees(1)\huffman_trees\hufftrees.cpp(29): error C2514: 'Huff_Data': class has no constructors
  c:\users\dustin\documents\school\fall 2017 classes\data structures\huffman_trees(1)\huffman_trees\huffman_tree.h(12): note: see declaration of 'Huff_Data'
c:\users\dustin\documents\school\fall 2017 classes\data structures\huffman_trees(1)\huffman_trees\hufftrees.cpp(30): error C2514: 'Huff_Data': class has no constructors
  c:\users\dustin\documents\school\fall 2017 classes\data structures\huffman_trees(1)\huffman_trees\huffman_tree.h(12): note: see declaration of 'Huff_Data'
c:\users\dustin\documents\school\fall 2017 classes\data structures\huffman_trees(1)\huffman_trees\hufftrees.cpp(31): error C2514: 'Huff_Data': class has no constructors
  c:\users\dustin\documents\school\fall 2017 classes\data structures\huffman_trees(1)\huffman_trees\huffman_tree.h(12): note: see declaration of 'Huff_Data'
c:\users\dustin\documents\school\fall 2017 classes\data structures\huffman_trees(1)\huffman_trees\hufftrees.cpp(32): error C2514: 'Huff_Data': class has no constructors
  c:\users\dustin\documents\school\fall 2017 classes\data structures\huffman_trees(1)\huffman_trees\huffman_tree.h(12): note: see declaration of 'Huff_Data'
c:\users\dustin\documents\school\fall 2017 classes\data structures\huffman_trees(1)\huffman_trees\hufftrees.cpp(33): error C2514: 'Huff_Data': class has no constructors
  c:\users\dustin\documents\school\fall 2017 classes\data structures\huffman_trees(1)\huffman_trees\huffman_tree.h(12): note: see declaration of 'Huff_Data'
c:\users\dustin\documents\school\fall 2017 classes\data structures\huffman_trees(1)\huffman_trees\hufftrees.cpp(34): error C2514: 'Huff_Data': class has no constructors
  c:\users\dustin\documents\school\fall 2017 classes\data structures\huffman_trees(1)\huffman_trees\huffman_tree.h(12): note: see declaration of 'Huff_Data'
c:\users\dustin\documents\school\fall 2017 classes\data structures\huffman_trees(1)\huffman_trees\hufftrees.cpp(35): error C2514: 'Huff_Data': class has no constructors
  c:\users\dustin\documents\school\fall 2017 classes\data structures\huffman_trees(1)\huffman_trees\huffman_tree.h(12): note: see declaration of 'Huff_Data'
c:\users\dustin\documents\school\fall 2017 classes\data structures\huffman_trees(1)\huffman_trees\hufftrees.cpp(36): error C2514: 'Huff_Data': class has no constructors
  c:\users\dustin\documents\school\fall 2017 classes\data structures\huffman_trees(1)\huffman_trees\huffman_tree.h(12): note: see declaration of 'Huff_Data'
c:\users\dustin\documents\school\fall 2017 classes\data structures\huffman_trees(1)\huffman_trees\hufftrees.cpp(40): error C3203: 'Huff_Data': unspecialized class template can't be used as a template argument for template parameter '_Ty', expected a real type
c:\users\dustin\documents\school\fall 2017 classes\data structures\huffman_trees(1)\huffman_trees\hufftrees.cpp(40): error C2440: 'initializing': cannot convert from 'initializer list' to 'std::vector<int,std::allocator<_Ty>>'
          with
          [
              _Ty=int
          ]
  c:\users\dustin\documents\school\fall 2017 classes\data structures\huffman_trees(1)\huffman_trees\hufftrees.cpp(40): note: No constructor could take the source type, or constructor overload resolution was ambiguous
c:\users\dustin\documents\school\fall 2017 classes\data structures\huffman_trees(1)\huffman_trees\hufftrees.cpp(41): error C2133: 'huff_tree': unknown size
c:\users\dustin\documents\school\fall 2017 classes\data structures\huffman_trees(1)\huffman_trees\hufftrees.cpp(41): error C2512: 'Huffman_Tree': no appropriate default constructor available
  c:\users\dustin\documents\school\fall 2017 classes\data structures\huffman_trees(1)\huffman_trees\huffman_tree.h(42): note: see declaration of 'Huffman_Tree'
c:\users\dustin\documents\school\fall 2017 classes\data structures\huffman_trees(1)\huffman_trees\hufftrees.cpp(42): error C2662: 'void Huffman_Tree<T>::build_tree(const std::vector<Huff_Data<T>,std::allocator<_Ty>> &)': cannot convert 'this' pointer from 'Huffman_Tree' to 'Huffman_Tree<T> &'
          with
          [
              _Ty=Huff_Data<T>
          ]
  c:\users\dustin\documents\school\fall 2017 classes\data structures\huffman_trees(1)\huffman_trees\hufftrees.cpp(42): note: Reason: cannot convert from 'Huffman_Tree' to 'Huffman_Tree<T>'
  c:\users\dustin\documents\school\fall 2017 classes\data structures\huffman_trees(1)\huffman_trees\hufftrees.cpp(42): note: Conversion requires a second user-defined-conversion operator or constructor
c:\users\dustin\documents\school\fall 2017 classes\data structures\huffman_trees(1)\huffman_trees\hufftrees.cpp(43): error C2663: 'Huffman_Tree<T>::print_code': 2 overloads have no legal conversion for 'this' pointer
c:\users\dustin\documents\school\fall 2017 classes\data structures\huffman_trees(1)\huffman_trees\hufftrees.cpp(47): error C2662: 'std::string Huffman_Tree<T>::decode(const std::string &)': cannot convert 'this' pointer from 'Huffman_Tree' to 'Huffman_Tree<T> &'
  c:\users\dustin\documents\school\fall 2017 classes\data structures\huffman_trees(1)\huffman_trees\hufftrees.cpp(47): note: Reason: cannot convert from 'Huffman_Tree' to 'Huffman_Tree<T>'
  c:\users\dustin\documents\school\fall 2017 classes\data structures\huffman_trees(1)\huffman_trees\hufftrees.cpp(47): note: Conversion requires a second user-defined-conversion operator or constructor
  Generating Code...
